  0_1_Stirrup.cpp
  0_Core.cpp
C:\Users\eroti\Desktop\AutoRC\AutoRC\AutoRC\Core\0_Core.cpp(120,23): warning C4244: '正在初始化': 將 'double' 轉換為 'int'，由於類型不同，可能導致資料遺失
C:\Users\eroti\Desktop\AutoRC\AutoRC\AutoRC\Core\0_Core.cpp(122,33): warning C4244: '正在初始化': 將 'double' 轉換為 'int'，由於類型不同，可能導致資料遺失
C:\Users\eroti\Desktop\AutoRC\AutoRC\AutoRC\Core\0_Core.cpp(123,31): warning C4244: '正在初始化': 將 'double' 轉換為 'int'，由於類型不同，可能導致資料遺失
C:\Users\eroti\Desktop\AutoRC\AutoRC\AutoRC\Core\0_Core.cpp(125,37): warning C4244: '+=': 將 'double' 轉換為 'int'，由於類型不同，可能導致資料遺失
C:\Users\eroti\Desktop\AutoRC\AutoRC\AutoRC\Core\0_Core.cpp(126,35): warning C4244: '+=': 將 'double' 轉換為 'int'，由於類型不同，可能導致資料遺失
C:\Users\eroti\Desktop\AutoRC\AutoRC\AutoRC\Core\0_Core.cpp(140,77): warning C4244: '引數': 將 'double' 轉換為 'int'，由於類型不同，可能導致資料遺失
C:\Users\eroti\Desktop\AutoRC\AutoRC\AutoRC\Core\0_Core.cpp(141,33): warning C4244: '正在初始化': 將 'double' 轉換為 'int'，由於類型不同，可能導致資料遺失
C:\Users\eroti\Desktop\AutoRC\AutoRC\AutoRC\Core\0_Core.cpp(142,33): warning C4244: '正在初始化': 將 'double' 轉換為 'int'，由於類型不同，可能導致資料遺失
C:\Users\eroti\Desktop\AutoRC\AutoRC\AutoRC\Core\0_Core.cpp(143,23): warning C4244: '正在初始化': 將 'double' 轉換為 'int'，由於類型不同，可能導致資料遺失
C:\Users\eroti\Desktop\AutoRC\AutoRC\AutoRC\Core\0_Core.cpp(144,23): warning C4244: '正在初始化': 將 'double' 轉換為 'int'，由於類型不同，可能導致資料遺失
C:\Users\eroti\Desktop\AutoRC\AutoRC\AutoRC\Core\0_Core.cpp(268,22): warning C4018: '<': signed/unsigned 不相符
C:\Users\eroti\Desktop\AutoRC\AutoRC\AutoRC\Core\0_Core.cpp(410,21): warning C4018: '<': signed/unsigned 不相符
C:\Users\eroti\Desktop\AutoRC\AutoRC\AutoRC\Core\0_Core.cpp(415,21): warning C4018: '<': signed/unsigned 不相符
  1_1_CalculateM.cpp
C:\Users\eroti\Desktop\AutoRC\AutoRC\AutoRC\Core\1_1_CalculateM.cpp(21,21): warning C4018: '<': signed/unsigned 不相符
C:\Users\eroti\Desktop\AutoRC\AutoRC\AutoRC\Core\1_1_CalculateM.cpp(66,20): warning C4018: '<': signed/unsigned 不相符
  1_Moment Zone.cpp
  2_Shear Zone.cpp
  3_Torsion Zone.cpp
C:\Users\eroti\Desktop\AutoRC\AutoRC\AutoRC\Core\3_Torsion Zone.cpp(32,45): warning C4244: '引數': 將 'double' 轉換為 'int'，由於類型不同，可能導致資料遺失
C:\Users\eroti\Desktop\AutoRC\AutoRC\AutoRC\Core\3_Torsion Zone.cpp(32,84): warning C4244: '引數': 將 'double' 轉換為 'int'，由於類型不同，可能導致資料遺失
  4_Other Zone.cpp
  Main.cpp
  正在產生程式碼...
  AutoRC.vcxproj -> C:\Users\eroti\Desktop\AutoRC\AutoRC\Debug\AutoRC.exe
