  0_1_Stirrup.cpp
  0_Core.cpp
C:\Users\eroti\Desktop\AutoRC\RC\AutoRC-main\更新專案檔\AutoRC\Core\0_Core.cpp(143,23): warning C4244: '正在初始化': 將 'double' 轉換為 'int'，由於類型不同，可能導致資料遺失
C:\Users\eroti\Desktop\AutoRC\RC\AutoRC-main\更新專案檔\AutoRC\Core\0_Core.cpp(145,33): warning C4244: '正在初始化': 將 'double' 轉換為 'int'，由於類型不同，可能導致資料遺失
C:\Users\eroti\Desktop\AutoRC\RC\AutoRC-main\更新專案檔\AutoRC\Core\0_Core.cpp(146,31): warning C4244: '正在初始化': 將 'double' 轉換為 'int'，由於類型不同，可能導致資料遺失
C:\Users\eroti\Desktop\AutoRC\RC\AutoRC-main\更新專案檔\AutoRC\Core\0_Core.cpp(148,37): warning C4244: '+=': 將 'double' 轉換為 'int'，由於類型不同，可能導致資料遺失
C:\Users\eroti\Desktop\AutoRC\RC\AutoRC-main\更新專案檔\AutoRC\Core\0_Core.cpp(149,35): warning C4244: '+=': 將 'double' 轉換為 'int'，由於類型不同，可能導致資料遺失
C:\Users\eroti\Desktop\AutoRC\RC\AutoRC-main\更新專案檔\AutoRC\Core\0_Core.cpp(164,88): warning C4244: '引數': 將 'double' 轉換為 'int'，由於類型不同，可能導致資料遺失
C:\Users\eroti\Desktop\AutoRC\RC\AutoRC-main\更新專案檔\AutoRC\Core\0_Core.cpp(165,33): warning C4244: '正在初始化': 將 'double' 轉換為 'int'，由於類型不同，可能導致資料遺失
C:\Users\eroti\Desktop\AutoRC\RC\AutoRC-main\更新專案檔\AutoRC\Core\0_Core.cpp(166,33): warning C4244: '正在初始化': 將 'double' 轉換為 'int'，由於類型不同，可能導致資料遺失
C:\Users\eroti\Desktop\AutoRC\RC\AutoRC-main\更新專案檔\AutoRC\Core\0_Core.cpp(167,23): warning C4244: '正在初始化': 將 'double' 轉換為 'int'，由於類型不同，可能導致資料遺失
C:\Users\eroti\Desktop\AutoRC\RC\AutoRC-main\更新專案檔\AutoRC\Core\0_Core.cpp(168,23): warning C4244: '正在初始化': 將 'double' 轉換為 'int'，由於類型不同，可能導致資料遺失
  1_1_CalculateM.cpp
  1_Moment Zone.cpp
  2_Shear Zone.cpp
  3_Torsion Zone.cpp
C:\Users\eroti\Desktop\AutoRC\RC\AutoRC-main\更新專案檔\AutoRC\Core\3_Torsion Zone.cpp(32,45): warning C4244: '引數': 將 'double' 轉換為 'int'，由於類型不同，可能導致資料遺失
C:\Users\eroti\Desktop\AutoRC\RC\AutoRC-main\更新專案檔\AutoRC\Core\3_Torsion Zone.cpp(32,84): warning C4244: '引數': 將 'double' 轉換為 'int'，由於類型不同，可能導致資料遺失
  4_Other Zone.cpp
  Main.cpp
C:\Users\eroti\Desktop\AutoRC\RC\AutoRC-main\更新專案檔\AutoRC\Main.cpp(11,10): fatal  error C1083: 無法開啟包含檔案: 'crow.h': No such file or directory
  正在產生程式碼...
